Simulation time 178: Vehicle 120 (on route 2 from
  routing decision 2) reached the end of link 7
  while searching for the next link (10012) of the route.
Simulation time 260.0: Vehicle 305 (on route 3 of
  routing decision 3) after 60.0 seconds of waiting for lane change
  removed from link 6 at position 111.0.
Simulation time 325: Vehicle 468 (on route 3 from
  routing decision 1) reached the end of link 1
  while searching for the next link (10004) of the route.
Simulation time 327: Vehicle 448 (on route 3 from
  routing decision 1) reached the end of link 1
  while searching for the next link (10004) of the route.
Simulation time 373: Vehicle 494 (on route 3 from
  routing decision 1) reached the end of link 1
  while searching for the next link (10004) of the route.
Simulation time 375: Vehicle 480 (on route 3 from
  routing decision 1) reached the end of link 1
  while searching for the next link (10004) of the route.
Simulation time 414.2: Vehicle 436 (on route 2 of
  routing decision 4) after 60.0 seconds of waiting for lane change
  removed from link 3 at position 112.0.
Simulation time 445.2: Vehicle 517 (on route 2 of
  routing decision 1) after 60.0 seconds of waiting for lane change
  removed from link 1 at position 189.0.
Simulation time 481.8: Vehicle 443 (on route 2 of
  routing decision 4) after 60.0 seconds of waiting for lane change
  removed from link 3 at position 112.0.
Simulation time 485: Vehicle 464 (on route 3 from
  routing decision 2) reached the end of link 7
  while searching for the next link (10009) of the route.
Simulation time 495: Vehicle 458 (on route 3 from
  routing decision 2) reached the end of link 7
  while searching for the next link (10009) of the route.
Simulation time 508: Vehicle 610 (on route 3 from
  routing decision 2) reached the end of link 7
  while searching for the next link (10009) of the route.
Simulation time 517.4: Vehicle 553 (on route 3 of
  routing decision 1) after 60.0 seconds of waiting for lane change
  removed from link 1 at position 184.0.
Simulation time 519.4: Vehicle 548 (on route 3 of
  routing decision 1) after 60.0 seconds of waiting for lane change
  removed from link 1 at position 191.0.
Simulation time 527: Vehicle 370 (on route 1 from
  routing decision 2) reached the end of link 7
  while searching for the next link (10000) of the route.
Simulation time 545.6: Vehicle 450 (on route 2 of
  routing decision 4) after 60.0 seconds of waiting for lane change
  removed from link 3 at position 112.0.
Simulation time 581.2: Vehicle 557 (on route 3 of
  routing decision 1) after 60.0 seconds of waiting for lane change
  removed from link 1 at position 184.0.
Simulation time 587.0: Vehicle 391 (on route 1 of
  routing decision 2) after 60.0 seconds of waiting for lane change
  removed from link 7 at position 144.0.
Simulation time 588.8: Vehicle 678 (on route 2 of
  routing decision 2) after 60.0 seconds of waiting for lane change
  removed from link 7 at position 149.0.
Simulation time 594.0: Vehicle 577 (on route 2 of
  routing decision 1) after 60.0 seconds of waiting for lane change
  removed from link 1 at position 189.0.
Simulation time 682.2: Vehicle 733 (on route 3 of
  routing decision 2) after 60.0 seconds of waiting for lane change
  removed from link 7 at position 144.0.
Simulation time 696.8: Vehicle 570 (on route 2 of
  routing decision 1) after 60.0 seconds of waiting for lane change
  removed from link 1 at position 189.0.
Simulation time 697.4: Vehicle 565 (on route 3 of
  routing decision 1) after 60.0 seconds of waiting for lane change
  removed from link 1 at position 191.0.
Simulation time 710.0: Vehicle 627 (on route 1 of
  routing decision 2) after 60.0 seconds of waiting for lane change
  removed from link 7 at position 144.0.
Simulation time 763.4: Vehicle 580 (on route 3 of
  routing decision 1) after 60.0 seconds of waiting for lane change
  removed from link 1 at position 184.0.
Simulation time 801.8: Vehicle 787 (on route 1 of
  routing decision 2) after 60.0 seconds of waiting for lane change
  removed from link 7 at position 144.0.
Simulation time 826.2: Vehicle 878 (on route 2 of
  routing decision 2) after 60.0 seconds of waiting for lane change
  removed from link 7 at position 149.0.
Simulation time 860.0: Vehicle 1202 (on route 3 of
  routing decision 4) after 60.0 seconds of waiting for lane change
  removed from link 3 at position 110.0.
Simulation time 874.0: Vehicle 589 (on route 3 of
  routing decision 1) after 60.0 seconds of waiting for lane change
  removed from link 1 at position 191.0.
Simulation time 877.2: Vehicle 601 (on route 2 of
  routing decision 1) after 60.0 seconds of waiting for lane change
  removed from link 1 at position 189.0.
Simulation time 923.8: Vehicle 1262 (on route 3 of
  routing decision 4) after 60.0 seconds of waiting for lane change
  removed from link 3 at position 110.0.
Simulation time 944.4: Vehicle 1037 (on route 2 of
  routing decision 2) after 60.0 seconds of waiting for lane change
  removed from link 7 at position 149.0.
Simulation time 950.8: Vehicle 889 (on route 1 of
  routing decision 2) after 60.0 seconds of waiting for lane change
  removed from link 7 at position 144.0.
Simulation time 959.8: Vehicle 629 (on route 2 of
  routing decision 1) after 60.0 seconds of waiting for lane change
  removed from link 1 at position 189.0.
Simulation time 988.8: Vehicle 807 (on route 1 of
  routing decision 1) after 60.0 seconds of waiting for lane change
  removed from link 1 at position 184.0.
